<?xml version="1.0" encoding="UTF-8"?>
<testng-results skipped="0" failed="0" total="6" passed="6">
  <reporter-output>
  </reporter-output>
  <suite name="Yahoo" duration-ms="156" started-at="2014-07-27T16:42:37Z" finished-at="2014-07-27T16:42:38Z">
    <groups>
    </groups>
    <test name="Yahooo mail test" duration-ms="48" started-at="2014-07-27T16:42:37Z" finished-at="2014-07-27T16:42:37Z">
      <class name="testpac.YahooTest">
        <test-method status="PASS" signature="openConnection()[pri:0, instance:testpac.YahooTest@2eb95569]" name="openConnection" is-config="true" duration-ms="0" started-at="2014-07-27T18:42:37Z" finished-at="2014-07-27T18:42:37Z">
          <reporter-output>
          </reporter-output>
        </test-method> <!-- openConnection -->
        <test-method status="PASS" signature="openBrowser()[pri:0, instance:testpac.YahooTest@2eb95569]" name="openBrowser" is-config="true" duration-ms="1" started-at="2014-07-27T18:42:37Z" finished-at="2014-07-27T18:42:37Z">
          <reporter-output>
          </reporter-output>
        </test-method> <!-- openBrowser -->
        <test-method status="PASS" signature="testRecievEmail()[pri:0, instance:testpac.YahooTest@2eb95569]" name="testRecievEmail" duration-ms="2" started-at="2014-07-27T18:42:37Z" finished-at="2014-07-27T18:42:37Z">
          <reporter-output>
          </reporter-output>
        </test-method> <!-- testRecievEmail -->
        <test-method status="PASS" signature="closBrowser()[pri:0, instance:testpac.YahooTest@2eb95569]" name="closBrowser" is-config="true" duration-ms="1" started-at="2014-07-27T18:42:37Z" finished-at="2014-07-27T18:42:37Z">
          <reporter-output>
          </reporter-output>
        </test-method> <!-- closBrowser -->
        <test-method status="PASS" signature="openBrowser()[pri:0, instance:testpac.YahooTest@2eb95569]" name="openBrowser" is-config="true" duration-ms="0" started-at="2014-07-27T18:42:37Z" finished-at="2014-07-27T18:42:37Z">
          <reporter-output>
          </reporter-output>
        </test-method> <!-- openBrowser -->
        <test-method status="PASS" signature="closBrowser()[pri:0, instance:testpac.YahooTest@2eb95569]" name="closBrowser" is-config="true" duration-ms="1" started-at="2014-07-27T18:42:37Z" finished-at="2014-07-27T18:42:37Z">
          <reporter-output>
          </reporter-output>
        </test-method> <!-- closBrowser -->
        <test-method status="PASS" signature="testSendEmail()[pri:0, instance:testpac.YahooTest@2eb95569]" name="testSendEmail" duration-ms="0" started-at="2014-07-27T18:42:37Z" finished-at="2014-07-27T18:42:37Z">
          <reporter-output>
          </reporter-output>
        </test-method> <!-- testSendEmail -->
        <test-method status="PASS" signature="closeConnection()[pri:0, instance:testpac.YahooTest@2eb95569]" name="closeConnection" is-config="true" duration-ms="1" started-at="2014-07-27T18:42:37Z" finished-at="2014-07-27T18:42:37Z">
          <reporter-output>
          </reporter-output>
        </test-method> <!-- closeConnection -->
      </class> <!-- testpac.YahooTest -->
    </test> <!-- Yahooo mail test -->
    <test name="Yahooo news test" duration-ms="8" started-at="2014-07-27T16:42:38Z" finished-at="2014-07-27T16:42:38Z">
      <class name="testpac.YahooNewsTest">
        <test-method status="PASS" signature="testNews()[pri:0, instance:testpac.YahooNewsTest@45ef94a4]" name="testNews" is-config="true" duration-ms="5" started-at="2014-07-27T18:42:38Z" finished-at="2014-07-27T18:42:38Z">
          <reporter-output>
          </reporter-output>
        </test-method> <!-- testNews -->
        <test-method status="PASS" signature="yahooNewsTest()[pri:0, instance:testpac.YahooNewsTest@45ef94a4]" name="yahooNewsTest" duration-ms="1" started-at="2014-07-27T18:42:38Z" finished-at="2014-07-27T18:42:38Z">
          <reporter-output>
          </reporter-output>
        </test-method> <!-- yahooNewsTest -->
      </class> <!-- testpac.YahooNewsTest -->
    </test> <!-- Yahooo news test -->
    <test name="Yahooo Register test" duration-ms="7" started-at="2014-07-27T16:42:38Z" finished-at="2014-07-27T16:42:38Z">
      <class name="testpac.YahooTest">
        <test-method status="PASS" signature="initilizeSelenium()[pri:0, instance:testpac.YahooTest@2eb95569]" name="initilizeSelenium" is-config="true" duration-ms="25" started-at="2014-07-27T18:42:37Z" finished-at="2014-07-27T18:42:37Z">
          <reporter-output>
          </reporter-output>
        </test-method> <!-- initilizeSelenium -->
        <test-method status="PASS" signature="shutDownSelenium()[pri:0, instance:testpac.YahooTest@2eb95569]" name="shutDownSelenium" is-config="true" duration-ms="1" started-at="2014-07-27T18:42:38Z" finished-at="2014-07-27T18:42:38Z">
          <reporter-output>
          </reporter-output>
        </test-method> <!-- shutDownSelenium -->
      </class> <!-- testpac.YahooTest -->
      <class name="testpac.YahooRegistrationTest">
        <test-method status="PASS" signature="testRegister(java.lang.String, java.lang.String, java.lang.String, java.lang.String)[pri:0, instance:testpac.YahooRegistrationTest@b6bb0d4]" name="testRegister" duration-ms="1" started-at="2014-07-27T18:42:38Z" data-provider="registerDate" finished-at="2014-07-27T18:42:38Z">
          <params>
            <param index="0">
              <value>
                <![CDATA[user2]]>
              </value>
            </param>
            <param index="1">
              <value>
                <![CDATA[pass2]]>
              </value>
            </param>
            <param index="2">
              <value>
                <![CDATA[email2]]>
              </value>
            </param>
            <param index="3">
              <value>
                <![CDATA[city2]]>
              </value>
            </param>
          </params>
          <reporter-output>
          </reporter-output>
        </test-method> <!-- testRegister -->
        <test-method status="PASS" signature="testRegister(java.lang.String, java.lang.String, java.lang.String, java.lang.String)[pri:0, instance:testpac.YahooRegistrationTest@b6bb0d4]" name="testRegister" duration-ms="0" started-at="2014-07-27T18:42:38Z" data-provider="registerDate" finished-at="2014-07-27T18:42:38Z">
          <params>
            <param index="0">
              <value>
                <![CDATA[user1]]>
              </value>
            </param>
            <param index="1">
              <value>
                <![CDATA[pass1]]>
              </value>
            </param>
            <param index="2">
              <value>
                <![CDATA[email1]]>
              </value>
            </param>
            <param index="3">
              <value>
                <![CDATA[city1]]>
              </value>
            </param>
          </params>
          <reporter-output>
          </reporter-output>
        </test-method> <!-- testRegister -->
        <test-method status="PASS" signature="testRegister(java.lang.String, java.lang.String, java.lang.String, java.lang.String)[pri:0, instance:testpac.YahooRegistrationTest@b6bb0d4]" name="testRegister" duration-ms="1" started-at="2014-07-27T18:42:38Z" data-provider="registerDate" finished-at="2014-07-27T18:42:38Z">
          <params>
            <param index="0">
              <value>
                <![CDATA[user3]]>
              </value>
            </param>
            <param index="1">
              <value>
                <![CDATA[pass3]]>
              </value>
            </param>
            <param index="2">
              <value>
                <![CDATA[email3]]>
              </value>
            </param>
            <param index="3">
              <value>
                <![CDATA[city3]]>
              </value>
            </param>
          </params>
          <reporter-output>
          </reporter-output>
        </test-method> <!-- testRegister -->
      </class> <!-- testpac.YahooRegistrationTest -->
    </test> <!-- Yahooo Register test -->
  </suite> <!-- Yahoo -->
</testng-results>
