<?xml version="1.0" encoding="UTF-8"?>
<!-- Generated by org.testng.reporters.JUnitXMLReporter -->
<testsuite hostname="Otman-PC" name="Yahooo Register test" tests="3" failures="0" timestamp="27 Jul 2014 16:42:38 GMT" time="0.007" errors="0">
  <testcase name="testRegister" time="0.0" classname="testpac.YahooRegistrationTest"/>
  <testcase name="testRegister" time="0.001" classname="testpac.YahooRegistrationTest"/>
  <testcase name="testRegister" time="0.001" classname="testpac.YahooRegistrationTest"/>
</testsuite> <!-- Yahooo Register test -->
